\BOOKMARK [1][-]{section.1}{\376\377\000L\000\375\000\040\000d\000o\000\040\000c\000h\036\315\000n\000\040\001\021\036\301\000\040\000t\000\340\000i\000\040\000v\000\340\000\040\000M\036\345\000c\000\040\000t\000i\000\352\000u}{}% 1
\BOOKMARK [2][-]{subsection.1.1}{\376\377\000L\000\375\000\040\000d\000o\000\040\000c\000h\036\315\000n\000\040\001\021\036\301\000\040\000t\000\340\000i}{section.1}% 2
\BOOKMARK [2][-]{subsection.1.2}{\376\377\000M\036\345\000c\000\040\000t\000i\000\352\000u\000\040\001\021\036\301\000\040\000t\000\340\000i}{section.1}% 3
\BOOKMARK [1][-]{section.2}{\376\377\000M\000\364\000\040\000t\036\243\000\040\000b\000\340\000i\000\040\000t\000o\000\341\000n}{}% 4
\BOOKMARK [2][-]{subsection.2.1}{\376\377\000C\000\341\000c\000\040\000c\000h\036\351\000c\000\040\000n\001\003\000n\000g\000\040\000c\000h\000\355\000n\000h}{section.2}% 5
\BOOKMARK [1][-]{section.3}{\376\377\000T\036\325\000n\000g\000\040\000q\000u\000a\000n\000\040\000v\036\301\000\040\000P\000y\000t\000h\000o\000n}{}% 6
\BOOKMARK [2][-]{subsection.3.1}{\376\377\001\020\036\267\000c\000\040\001\021\000i\036\303\000m}{section.3}% 7
\BOOKMARK [2][-]{subsection.3.2}{\376\377\000T\000h\001\260\000\040\000v\000i\036\307\000n\000\040\000s\036\355\000\040\000d\036\345\000n\000g}{section.3}% 8
\BOOKMARK [1][-]{section.4}{\376\377\000C\001\241\000\040\000s\036\337\000\040\000d\036\357\000\040\000l\000i\036\307\000u}{}% 9
\BOOKMARK [2][-]{subsection.4.1}{\376\377\000C\000\341\000c\000\040\000b\036\243\000n\000g\000\040\000d\036\357\000\040\000l\000i\036\307\000u}{section.4}% 10
\BOOKMARK [2][-]{subsection.4.2}{\376\377\000S\001\241\000\040\001\021\036\323\000\040\000q\000u\000a\000n\000\040\000h\036\307\000\040\000g\000i\036\357\000a\000\040\000c\000\341\000c\000\040\000b\036\243\000n\000g}{section.4}% 11
\BOOKMARK [2][-]{subsection.4.3}{\376\377\000C\000h\000i\000\040\000t\000i\036\277\000t\000\040\000b\036\243\000n\000g\000\040\000m\000e\000m\000b\000e\000r\000s}{section.4}% 12
\BOOKMARK [1][-]{section.5}{\376\377\000K\036\277\000t\000\040\000n\036\321\000i\000\040\000P\000y\000t\000h\000o\000n\000\040\000v\036\333\000i\000\040\000C\000S\000D\000L}{}% 13
\BOOKMARK [2][-]{subsection.5.1}{\376\377\000C\000o\000n\000t\000e\000x\000t\000\040\000M\000a\000n\000a\000g\000e\000r\000\040\000g\000e\000t\000\137\000d\000b\000\050\000\051}{section.5}% 14
\BOOKMARK [2][-]{subsection.5.2}{\376\377\000K\000h\036\337\000i\000\040\000t\036\241\000o\000\040\000D\000a\000t\000a\000b\000a\000s\000e\000\040\040\023\000\040\000i\000n\000i\000t\000\137\000d\000b\000\050\000\051}{section.5}% 15
\BOOKMARK [2][-]{subsection.5.3}{\376\377\000M\000i\000g\000r\000a\000t\000i\000o\000n}{section.5}% 16
\BOOKMARK [1][-]{section.6}{\376\377\000C\000\340\000i\000\040\001\021\036\267\000t\000\040\000c\000\341\000c\000\040\000c\000h\036\351\000c\000\040\000n\001\003\000n\000g\000\040\000c\000h\000\355\000n\000h}{}% 17
\BOOKMARK [2][-]{subsection.6.1}{\376\377\000T\000h\000\352\000m\000\040\000\050\000C\000r\000e\000a\000t\000e\000\051}{section.6}% 18
\BOOKMARK [2][-]{subsection.6.2}{\376\377\000X\000e\000m\000\040\000\050\000R\000e\000a\000d\000\051}{section.6}% 19
\BOOKMARK [2][-]{subsection.6.3}{\376\377\000S\036\355\000a\000\040\000\050\000U\000p\000d\000a\000t\000e\000\051}{section.6}% 20
\BOOKMARK [2][-]{subsection.6.4}{\376\377\000X\000\363\000a\000\040\000\050\000D\000e\000l\000e\000t\000e\000\051\000\040\040\023\000\040\000S\000o\000f\000t\000\040\000D\000e\000l\000e\000t\000e}{section.6}% 21
\BOOKMARK [1][-]{section.7}{\376\377\000M\036\331\000t\000\040\000s\036\321\000\040\001\021\000o\036\241\000n\000\040\000c\000o\000d\000e\000\040\000t\000i\000\352\000u\000\040\000b\000i\036\303\000u}{}% 22
\BOOKMARK [2][-]{subsection.7.1}{\376\377\000N\000h\036\255\000n\000\040\000d\000i\036\307\000n\000\040\000k\000h\000u\000\364\000n\000\040\000m\036\267\000t\000\040\000\050\000F\000a\000c\000e\000\040\000I\000D\000\051}{section.7}% 23
\BOOKMARK [2][-]{subsection.7.2}{\376\377\000B\000a\000s\000e\000M\000o\000d\000e\000l\000\040\000v\000\340\000\040\000S\000o\000f\000t\000\040\000D\000e\000l\000e\000t\000e\000\040\000P\000a\000t\000t\000e\000r\000n}{section.7}% 24
\BOOKMARK [2][-]{subsection.7.3}{\376\377\000N\000a\000v\000i\000g\000a\000t\000i\000o\000n\000\040\000P\000a\000t\000t\000e\000r\000n\000\040\040\023\000\040\000M\000o\000n\000k\000e\000y\000-\000p\000a\000t\000c\000h\000\040\000t\000r\000\352\000n\000\040\000p\000a\000g\000e}{section.7}% 25
\BOOKMARK [2][-]{subsection.7.4}{\376\377\000G\000U\000I\000\040\000S\000t\000a\000t\000e\000\040\000v\036\333\000i\000\040\000D\000i\000c\000t\000\040\000C\000l\000o\000s\000u\000r\000e\000s}{section.7}% 26
\BOOKMARK [2][-]{subsection.7.5}{\376\377\001\020\001\003\000n\000g\000\040\000k\000\375\000\040\000k\000h\000u\000\364\000n\000\040\000m\036\267\000t\000\040\000\050\000F\000a\000c\000e\000\040\000R\000e\000g\000i\000s\000t\000r\000a\000t\000i\000o\000n\000\051}{section.7}% 27
